proguard/seeds.txt
com.pjwstk.hacksched.GlobalState
com.pjwstk.hacksched.GlobalState: GlobalState()
com.pjwstk.hacksched.PushReceiver
com.pjwstk.hacksched.PushReceiver: PushReceiver()
com.pjwstk.hacksched.R$attr: int adSize
com.pjwstk.hacksched.R$attr: int adSizes
com.pjwstk.hacksched.R$attr: int adUnitId
com.pjwstk.hacksched.R$attr: int border_color
com.pjwstk.hacksched.R$attr: int border_width
com.pjwstk.hacksched.R$attr: int cameraBearing
com.pjwstk.hacksched.R$attr: int cameraTargetLat
com.pjwstk.hacksched.R$attr: int cameraTargetLng
com.pjwstk.hacksched.R$attr: int cameraTilt
com.pjwstk.hacksched.R$attr: int cameraZoom
com.pjwstk.hacksched.R$attr: int card_header_layout_resourceID
com.pjwstk.hacksched.R$attr: int card_layout_resourceID
com.pjwstk.hacksched.R$attr: int card_shadow_layout_resourceID
com.pjwstk.hacksched.R$attr: int card_thumbnail_layout_resourceID
com.pjwstk.hacksched.R$attr: int list_card_layout_resourceID
com.pjwstk.hacksched.R$attr: int mapType
com.pjwstk.hacksched.R$attr: int uiCompass
com.pjwstk.hacksched.R$attr: int uiRotateGestures
com.pjwstk.hacksched.R$attr: int uiScrollGestures
com.pjwstk.hacksched.R$attr: int uiTiltGestures
com.pjwstk.hacksched.R$attr: int uiZoomControls
com.pjwstk.hacksched.R$attr: int uiZoomGestures
com.pjwstk.hacksched.R$attr: int useViewLifecycle
com.pjwstk.hacksched.R$attr: int zOrderOnTop
com.pjwstk.hacksched.R$color: int accent_1
com.pjwstk.hacksched.R$color: int all_track_color
com.pjwstk.hacksched.R$color: int body_text_1
com.pjwstk.hacksched.R$color: int body_text_1_inverse
com.pjwstk.hacksched.R$color: int body_text_1_positive
com.pjwstk.hacksched.R$color: int body_text_2
com.pjwstk.hacksched.R$color: int body_text_2_inverse
com.pjwstk.hacksched.R$color: int body_text_3
com.pjwstk.hacksched.R$color: int body_text_disabled
com.pjwstk.hacksched.R$color: int card_activated
com.pjwstk.hacksched.R$color: int card_background
com.pjwstk.hacksched.R$color: int card_backgroundExpand
com.pjwstk.hacksched.R$color: int card_background_header
com.pjwstk.hacksched.R$color: int card_expand_title_color
com.pjwstk.hacksched.R$color: int card_pressed
com.pjwstk.hacksched.R$color: int card_text_color_header
com.pjwstk.hacksched.R$color: int common_action_bar_splitter
com.pjwstk.hacksched.R$color: int common_signin_btn_dark_text_default
com.pjwstk.hacksched.R$color: int common_signin_btn_dark_text_disabled
com.pjwstk.hacksched.R$color: int common_signin_btn_dark_text_focused
com.pjwstk.hacksched.R$color: int common_signin_btn_dark_text_pressed
com.pjwstk.hacksched.R$color: int common_signin_btn_default_background
com.pjwstk.hacksched.R$color: int common_signin_btn_light_text_default
com.pjwstk.hacksched.R$color: int common_signin_btn_light_text_disabled
com.pjwstk.hacksched.R$color: int common_signin_btn_light_text_focused
...
com.parse.codec.Decoder
com.parse.codec.Decoder: java.lang.Object decode(java.lang.Object)
com.parse.codec.DecoderException
com.parse.codec.DecoderException: long serialVersionUID
com.parse.codec.DecoderException: DecoderException()
com.parse.codec.DecoderException: DecoderException(java.lang.String)
com.parse.codec.DecoderException: DecoderException(java.lang.String,java.lang.Throwable)
com.parse.codec.DecoderException: DecoderException(java.lang.Throwable)
com.parse.codec.Encoder
com.parse.codec.Encoder: java.lang.Object encode(java.lang.Object)
com.parse.codec.EncoderException
com.parse.codec.EncoderException: long serialVersionUID
com.parse.codec.EncoderException: EncoderException()
com.parse.codec.EncoderException: EncoderException(java.lang.String)
com.parse.codec.EncoderException: EncoderException(java.lang.String,java.lang.Throwable)
com.parse.codec.EncoderException: EncoderException(java.lang.Throwable)
com.parse.codec.StringDecoder
com.parse.codec.StringDecoder: java.lang.String decode(java.lang.String)
com.parse.codec.StringEncoder
com.parse.codec.StringEncoder: java.lang.String encode(java.lang.String)
com.parse.codec.binary.Base32
com.parse.codec.binary.Base32: int BITS_PER_ENCODED_BYTE
com.parse.codec.binary.Base32: int BYTES_PER_ENCODED_BLOCK
com.parse.codec.binary.Base32: int BYTES_PER_UNENCODED_BLOCK
com.parse.codec.binary.Base32: byte[] CHUNK_SEPARATOR
com.parse.codec.binary.Base32: byte[] DECODE_TABLE
com.parse.codec.binary.Base32: byte[] ENCODE_TABLE
com.parse.codec.binary.Base32: byte[] HEX_DECODE_TABLE
com.parse.codec.binary.Base32: byte[] HEX_ENCODE_TABLE
com.parse.codec.binary.Base32: int MASK_5BITS
com.parse.codec.binary.Base32: long bitWorkArea
com.parse.codec.binary.Base32: int decodeSize
com.parse.codec.binary.Base32: byte[] decodeTable
com.parse.codec.binary.Base32: int encodeSize
com.parse.codec.binary.Base32: byte[] encodeTable
com.parse.codec.binary.Base32: byte[] lineSeparator
com.parse.codec.binary.Base32: void <clinit>()
com.parse.codec.binary.Base32: Base32()
com.parse.codec.binary.Base32: Base32(boolean)
com.parse.codec.binary.Base32: Base32(int)
com.parse.codec.binary.Base32: Base32(int,byte[])
com.parse.codec.binary.Base32: Base32(int,byte[],boolean)
com.parse.codec.binary.Base32: void decode(byte[],int,int)
com.parse.codec.binary.Base32: void encode(byte[],int,int)
com.parse.codec.binary.Base32: boolean isInAlphabet(byte)
com.parse.codec.binary.Base32InputStream
com.parse.codec.binary.Base32InputStream: Base32InputStream(java.io.InputStream)
com.parse.codec.binary.Base32InputStream: Base32InputStream(java.io.InputStream,boolean)
com.parse.codec.binary.Base32InputStream: Base32InputStream(java.io.InputStream,boolean,int,byte[])
com.parse.codec.binary.Base32OutputStream
com.parse.codec.binary.Base32OutputStream: Base32OutputStream(java.io.OutputStream)
com.parse.codec.binary.Base32OutputStream: Base32OutputStream(java.io.OutputStream,boolean)
com.parse.codec.binary.Base32OutputStream: Base32OutputStream(java.io.OutputStream,boolean,int,byte[])