proguard/mapping.txt
com.pjwstk.hacksched.GlobalState -> com.pjwstk.hacksched.GlobalState:
    com.pjwstk.hacksched.GlobalState singleton -> b
    android.content.Context context -> a
    void onConfigurationChanged(android.content.res.Configuration) -> onConfigurationChanged
    void onCreate() -> onCreate
    void onLowMemory() -> onLowMemory
    void onTerminate() -> onTerminate
com.pjwstk.hacksched.PushReceiver -> com.pjwstk.hacksched.PushReceiver:
    void onReceive(android.content.Context,android.content.Intent) -> onReceive
    void makeNotification(org.json.JSONObject) -> a
com.pjwstk.hacksched.ui.ActivityContact -> com.pjwstk.hacksched.ui.ActivityContact:
    com.google.android.gms.maps.GoogleMap map -> a
    void onCreate(android.os.Bundle) -> onCreate
com.pjwstk.hacksched.ui.ActivityContact$1 -> com.pjwstk.hacksched.ui.a:
    com.pjwstk.hacksched.ui.ActivityContact this$0 -> a
    void onClick(android.view.View) -> onClick
com.pjwstk.hacksched.ui.ActivityEvent -> com.pjwstk.hacksched.ui.ActivityEvent:
    void onCreate(android.os.Bundle) -> onCreate
    boolean onCreateOptionsMenu(android.view.Menu) -> onCreateOptionsMenu
com.pjwstk.hacksched.ui.ActivityFullMap -> com.pjwstk.hacksched.ui.ActivityFullMap:
    com.google.android.gms.maps.GoogleMap map -> a
    void onCreate(android.os.Bundle) -> onCreate
    boolean onOptionsItemSelected(android.view.MenuItem) -> onOptionsItemSelected
com.pjwstk.hacksched.ui.CheckableLinearLayout -> com.pjwstk.hacksched.ui.CheckableLinearLayout:
    int[] CHECKED_STATE_SET -> a
    boolean mChecked -> b
    boolean isChecked() -> isChecked
    void setChecked(boolean) -> setChecked
    void toggle() -> toggle
    int[] onCreateDrawableState(int) -> onCreateDrawableState
com.pjwstk.hacksched.ui.MainActivity -> com.pjwstk.hacksched.ui.MainActivity:
    com.pjwstk.hacksched.GlobalState mApplication -> a
    void onCreate(android.os.Bundle) -> onCreate
    void onResume() -> onResume
    boolean onCreateOptionsMenu(android.view.Menu) -> onCreateOptionsMenu
com.pjwstk.hacksched.utils.Constants -> com.pjwstk.hacksched.a.a:
    com.google.android.gms.maps.model.LatLng PJWSTK_LOCATION -> a
...
com.google.android.gms.maps.model.internal.a$a -> com.google.android.gms.maps.model.a.e:
    com.google.android.gms.maps.model.internal.a ag(android.os.IBinder) -> a
    boolean onTransact(int,android.os.Parcel,android.os.Parcel,int) -> onTransact
com.google.android.gms.maps.model.internal.a$a$a -> com.google.android.gms.maps.model.a.f:
    android.os.IBinder dU -> a
    android.os.IBinder asBinder() -> asBinder
    com.google.android.gms.dynamic.b aO(int) -> a
    com.google.android.gms.dynamic.b ad(java.lang.String) -> a
    com.google.android.gms.dynamic.b ae(java.lang.String) -> b
    com.google.android.gms.dynamic.b en() -> a
    com.google.android.gms.dynamic.b c(float) -> a
    com.google.android.gms.dynamic.b a(android.graphics.Bitmap) -> a
    com.google.android.gms.dynamic.b af(java.lang.String) -> c
com.google.android.gms.maps.model.internal.b -> com.google.android.gms.maps.model.a.g:
    void remove() -> a
    java.lang.String getId() -> b
    void setCenter(com.google.android.gms.maps.model.LatLng) -> a
    com.google.android.gms.maps.model.LatLng getCenter() -> c
    void setRadius(double) -> a
    double getRadius() -> d
    void setStrokeWidth(float) -> a
    float getStrokeWidth() -> e
    void setStrokeColor(int) -> a
    int getStrokeColor() -> f
    void setFillColor(int) -> b
    int getFillColor() -> g
    void setZIndex(float) -> b
    float getZIndex() -> h
    void setVisible(boolean) -> a
    boolean isVisible() -> i
    boolean a(com.google.android.gms.maps.model.internal.b) -> a
    int hashCodeRemote() -> j
com.google.android.gms.maps.model.internal.b$a -> com.google.android.gms.maps.model.a.h:
    com.google.android.gms.maps.model.internal.b ah(android.os.IBinder) -> a
    boolean onTransact(int,android.os.Parcel,android.os.Parcel,int) -> onTransact
com.google.android.gms.maps.model.internal.b$a$a -> com.google.android.gms.maps.model.a.i:
    android.os.IBinder dU -> a
    android.os.IBinder asBinder() -> asBinder
    void remove() -> a
    java.lang.String getId() -> b
    void setCenter(com.google.android.gms.maps.model.LatLng) -> a
    com.google.android.gms.maps.model.LatLng getCenter() -> c
    void setRadius(double) -> a
    double getRadius() -> d
    void setStrokeWidth(float) -> a
    float getStrokeWidth() -> e
    void setStrokeColor(int) -> a
    int getStrokeColor() -> f
    void setFillColor(int) -> b
    int getFillColor() -> g
    void setZIndex(float) -> b
    float getZIndex() -> h
    void setVisible(boolean) -> a
    boolean isVisible() -> i
    boolean a(com.google.android.gms.maps.model.internal.b) -> a
    int hashCodeRemote() -> j
com.google.android.gms.maps.model.internal.c -> com.google.android.gms.maps.model.a.j:
    void remove() -> a
    java.lang.String getId() -> b
    void setPosition(com.google.android.gms.maps.model.LatLng) -> a
    com.google.android.gms.maps.model.LatLng getPosition() -> c
    void setDimensions(float) -> a
    void a(float,float) -> a
    float getWidth() -> d
    float getHeight() -> e
    void setPositionFromBounds(com.google.android.gms.maps.model.LatLngBounds) -> a
    com.google.android.gms.maps.model.LatLngBounds getBounds() -> f
    void setBearing(float) -> b
    float getBearing() -> g
    void setZIndex(float) -> c
    float getZIndex() -> h
    void setVisible(boolean) -> a
    boolean isVisible() -> i
    void setTransparency(float) -> d
    float getTransparency() -> j
    boolean a(com.google.android.gms.maps.model.internal.c) -> a
    int hashCodeRemote() -> k
    void h(com.google.android.gms.dynamic.b) -> a
com.google.android.gms.maps.model.internal.c$a -> com.google.android.gms.maps.model.a.k:
    com.google.android.gms.maps.model.internal.c ai(android.os.IBinder) -> a
    boolean onTransact(int,android.os.Parcel,android.os.Parcel,int) -> onTransact